<?xml version="1.0" encoding="UTF-8"?>
<!-- Generated by org.testng.reporters.JUnitXMLReporter -->
<testsuite ignored="1" hostname="LAPTOP-5N6LF9NC" failures="0" tests="2" name="Test" time="3.275" errors="0" timestamp="2024-12-30T12:51:14 IST">
  <testcase classname="com.sauace.test.LoginTest" name="loginWithValidUserNameAndValidPassword" time="1.961"/>
  <testcase classname="com.sauace.test.HomePageTest" name="logout" time="1.231"/>
  <testcase classname="com.sauace.test.BaseTest" name="@BeforeSuite initDriver" time="0.0">
    <ignored/>
  </testcase> <!-- @BeforeSuite initDriver -->
</testsuite> <!-- Test -->
