<?xml version="1.0" encoding="UTF-8"?>
<testng-results ignored="0" total="2" passed="2" failed="0" skipped="0">
  <reporter-output>
  </reporter-output>
  <suite started-at="2024-12-30T12:51:10 IST" name="Suite" finished-at="2024-12-30T12:51:13 IST" duration-ms="3275">
    <groups>
    </groups>
    <test started-at="2024-12-30T12:51:10 IST" name="Test" finished-at="2024-12-30T12:51:13 IST" duration-ms="3275">
      <class name="com.sauace.test.HomePageTest">
        <test-method signature="logout()[pri:0, instance:com.sauace.test.HomePageTest@fa4c865]" started-at="2024-12-30T12:51:12 IST" name="logout" finished-at="2024-12-30T12:51:13 IST" duration-ms="1231" status="PASS">
          <reporter-output>
          </reporter-output>
        </test-method> <!-- logout -->
      </class> <!-- com.sauace.test.HomePageTest -->
      <class name="com.sauace.test.LoginTest">
        <test-method is-config="true" signature="initDriver()[pri:0, instance:com.sauace.test.LoginTest@510f3d34]" started-at="2024-12-30T12:51:05 IST" name="initDriver" finished-at="2024-12-30T12:51:10 IST" duration-ms="4686" status="PASS">
          <reporter-output>
          </reporter-output>
        </test-method> <!-- initDriver -->
        <test-method signature="loginWithValidUserNameAndValidPassword()[pri:0, instance:com.sauace.test.LoginTest@510f3d34]" started-at="2024-12-30T12:51:10 IST" name="loginWithValidUserNameAndValidPassword" finished-at="2024-12-30T12:51:12 IST" duration-ms="1961" status="PASS">
          <reporter-output>
          </reporter-output>
        </test-method> <!-- loginWithValidUserNameAndValidPassword -->
      </class> <!-- com.sauace.test.LoginTest -->
    </test> <!-- Test -->
  </suite> <!-- Suite -->
</testng-results>
